<?xml version="1.0" encoding="UTF-8"?>
<!-- Generated by org.testng.reporters.JUnitReportReporter -->
<testsuite hostname="LAPTOP-BPS2AHJ8" failures="0" tests="1" name="listusers.GoogleCoockie" time="2.176" errors="0" timestamp="22 Feb 2023 13:12:04 GMT" skipped="0">
  <testcase classname="listusers.GoogleCoockie" name="getHeaders" time="2.176"/>
</testsuite> <!-- listusers.GoogleCoockie -->
