<?xml version="1.0" encoding="UTF-8"?>
<!-- Generated by org.testng.reporters.JUnitReportReporter -->
<testsuite hostname="LAPTOP-BPS2AHJ8" failures="0" tests="1" name="cricketapireqs.UsingHashMapBody" time="3.012" errors="0" timestamp="22 Feb 2023 10:34:36 GMT" skipped="0">
  <testcase classname="cricketapireqs.UsingHashMapBody" name="PostReq" time="3.012"/>
</testsuite> <!-- cricketapireqs.UsingHashMapBody -->
