<?xml version="1.0" encoding="UTF-8"?>
<!-- Generated by org.testng.reporters.JUnitReportReporter -->
<testsuite hostname="LAPTOP-BPS2AHJ8" failures="0" tests="2" name="cricketapireqs.UsingPojocls" time="1.797" errors="0" timestamp="02 Feb 2023 11:44:09 GMT" skipped="0">
  <testcase classname="cricketapireqs.UsingPojocls" name="PostReq" time="1.755"/>
  <testcase classname="cricketapireqs.UsingPojocls" name="DeleteReq" time="0.042"/>
</testsuite> <!-- cricketapireqs.UsingPojocls -->
