<?xml version="1.0" encoding="UTF-8"?>
<!-- Generated by org.testng.reporters.JUnitReportReporter -->
<testsuite hostname="LAPTOP-BPS2AHJ8" failures="0" tests="1" name="requests.Coockies" time="2.650" errors="0" timestamp="22 Feb 2023 10:00:59 GMT" skipped="0">
  <testcase classname="requests.Coockies" name="CoockiesTest2" time="2.650"/>
</testsuite> <!-- requests.Coockies -->
