<?xml version="1.0" encoding="UTF-8"?>
<!-- Generated by org.testng.reporters.JUnitReportReporter -->
<testsuite hostname="LAPTOP-BPS2AHJ8" failures="0" tests="1" name="listusers.user1" time="0.881" errors="0" timestamp="22 Feb 2023 11:24:17 GMT" skipped="0">
  <testcase classname="listusers.user1" name="getCvk" time="0.881"/>
</testsuite> <!-- listusers.user1 -->
