<?xml version="1.0" encoding="UTF-8"?>
<!-- Generated by org.testng.reporters.JUnitReportReporter -->
<testsuite hostname="LAPTOP-BPS2AHJ8" failures="0" tests="1" name="cricketapireqs.UsingExternalJsonFile" time="1.638" errors="0" timestamp="29 Mar 2023 07:48:50 GMT" skipped="0">
  <testcase classname="cricketapireqs.UsingExternalJsonFile" name="getRes" time="1.638"/>
</testsuite> <!-- cricketapireqs.UsingExternalJsonFile -->
