<?xml version="1.0" encoding="UTF-8"?>
<!-- Generated by org.testng.reporters.JUnitReportReporter -->
<testsuite hostname="LAPTOP-BPS2AHJ8" failures="0" tests="1" name="assinments.Assign2" time="3.165" errors="0" timestamp="30 Mar 2023 13:58:44 GMT" skipped="0">
  <testcase classname="assinments.Assign2" name="get" time="3.165"/>
</testsuite> <!-- assinments.Assign2 -->
