<?xml version="1.0" encoding="UTF-8"?>
<!-- Generated by org.testng.reporters.JUnitReportReporter -->
<testsuite hostname="LAPTOP-BPS2AHJ8" failures="0" tests="1" name="requests.GetHeaders" time="1.785" errors="0" timestamp="02 Feb 2023 11:33:20 GMT" skipped="0">
  <testcase classname="requests.GetHeaders" name="Header" time="1.785"/>
</testsuite> <!-- requests.GetHeaders -->
