<?xml version="1.0" encoding="UTF-8"?>
<!-- Generated by org.testng.reporters.JUnitReportReporter -->
<testsuite hostname="LAPTOP-BPS2AHJ8" failures="0" tests="4" name="requests.Demo_Class" time="4.066" errors="0" timestamp="30 Jan 2023 05:37:17 GMT" skipped="0">
  <testcase classname="requests.Demo_Class" name="getUsers" time="1.488"/>
  <testcase classname="requests.Demo_Class" name="createUser" time="1.363"/>
  <testcase classname="requests.Demo_Class" name="updateUser" time="0.601"/>
  <testcase classname="requests.Demo_Class" name="deleteUser" time="0.614"/>
</testsuite> <!-- requests.Demo_Class -->
