<?xml version="1.0" encoding="UTF-8"?>
<!-- Generated by org.testng.reporters.JUnitReportReporter -->
<testsuite hostname="LAPTOP-BPS2AHJ8" failures="0" tests="1" name="requests.PathAndQurey" time="2.455" errors="0" timestamp="01 Feb 2023 10:13:42 GMT" skipped="0">
  <testcase classname="requests.PathAndQurey" name="PathAndQueryParameter" time="2.455"/>
</testsuite> <!-- requests.PathAndQurey -->
